<?xml version="1.0" encoding="UTF-8"?>
<testsuite xmlns:xsi="http://www.w3.org/2001/XMLSchema-instance" xsi:noNamespaceSchemaLocation="https://maven.apache.org/surefire/maven-surefire-plugin/xsd/surefire-test-report-3.0.xsd" version="3.0" name="test.sosGameTest3" time="0.022" tests="15" errors="0" skipped="0" failures="0">
  <properties>
[...]
</properties>
  <testcase name="testComputerMakesValidMoveSimpleMode" classname="test.sosGameTest3" time="0.003"/>
  <testcase name="testComputerMoveFormat" classname="test.sosGameTest3" time="0.0"/>
  <testcase name="testComputerMaximizesSOSInGeneralMode" classname="test.sosGameTest3" time="0.0"/>
  <testcase name="testComputerMakesValidMoveGeneralMode" classname="test.sosGameTest3" time="0.0"/>
  <testcase name="testComputerClassHierarchy" classname="test.sosGameTest3" time="0.0"/>
  <testcase name="testGeneralModeComputerContinuesAfterSOS" classname="test.sosGameTest3" time="0.0"/>
  <testcase name="testComputerDetectsWinningMoveSimpleMode" classname="test.sosGameTest3" time="0.0"/>
  <testcase name="testComputerPrefersCenter" classname="test.sosGameTest3" time="0.0"/>
  <testcase name="testComputerBlocksOpponentWinSimpleMode" classname="test.sosGameTest3" time="0.0"/>
  <testcase name="testComputerVsComputerGame" classname="test.sosGameTest3" time="0.0"/>
  <testcase name="testSimpleModeComputerRecognizesWin" classname="test.sosGameTest3" time="0.0"/>
  <testcase name="testComputerMakesStrategicMove" classname="test.sosGameTest3" time="0.0"/>
  <testcase name="testComputerHandlesFullBoard" classname="test.sosGameTest3" time="0.0"/>
  <testcase name="testComputerAvoidsOccupiedCells" classname="test.sosGameTest3" time="0.0"/>
  <testcase name="testComputerHandlesLargeBoard" classname="test.sosGameTest3" time="0.0"/>
</testsuite>